[+] Containers:
 |- [+] Container: /Game/FirstPerson/Maps/FirstPersonMap
 |   |- [+] ActorDescs:
 |   |   |- Guid:08708ECA4A897055FEDE5EA8D6EA5128 BaseClass: NativeClass:/Script/Engine.StaticMeshActor Name:StaticMeshActor_UAID_2CF05DA9C1030A5501_1949201702 Label:SM_Quarry_Cliff_08 SpatiallyLoaded:1 Bounds:IsValid=true, Min=(X=3946.233 Y=5287.900 Z=-77.896), Max=(X=4514.945 Y=6618.778 Z=1243.900) RuntimeGrid:None EditorOnly:0 RuntimeOnly:0 HLODRelevant:1
 |   |   |- Guid:0E41C91F4F8011B1635B70B688B911FB BaseClass: NativeClass:/Script/Engine.StaticMeshActor Name:StaticMeshActor_UAID_2CF05DA9C103095501_1876004513 Label:SM_Cube9 SpatiallyLoaded:1 Bounds:IsValid=true, Min=(X=-4485.000 Y=5210.000 Z=-50.000), Max=(X=-1485.000 Y=8710.000 Z=-50.000) RuntimeGrid:None EditorOnly:0 RuntimeOnly:0 HLODRelevant:1 FolderPath:Playground FolderGuid:6C02BB504B69D1F3D7A624B130C18E5B
 |   |   |- Guid:1E69515E489769B1FCD92DBC6C4C7E0F BaseClass: NativeClass:/Script/Engine.StaticMeshActor Name:StaticMeshActor_UAID_2CF05DA9C103085501_2098186328 Label:SM_Cube3 SpatiallyLoaded:1 Bounds:IsValid=true, Min=(X=1505.000 Y=1696.000 Z=-50.000), Max=(X=4505.000 Y=5196.000 Z=-50.000) RuntimeGrid:None EditorOnly:0 RuntimeOnly:0 HLODRelevant:1 FolderPath:Playground FolderGuid:6C02BB504B69D1F3D7A624B130C18E5B
 |   |   |- Guid:27C4B90247D85C501E3A078AF6B0D458 BaseClass: NativeClass:/Script/Engine.StaticMeshActor Name:StaticMeshActor_UAID_2CF05DA9C1030A5501_1149984690 Label:SM_Quarry_Cliff_02 SpatiallyLoaded:1 Bounds:IsValid=true, Min=(X=665.119 Y=-2235.768 Z=91.500), Max=(X=3969.872 Y=-1072.227 Z=2712.530) RuntimeGrid:None EditorOnly:0 RuntimeOnly:0 HLODRelevant:1
 |   |   |- Guid:2BA5E54C4AC1DBEBF77F7A944A53F7A4 BaseClass: NativeClass:/Script/Engine.StaticMeshActor Name:StaticMeshActor_UAID_2CF05DA9C1030B5501_1903513894 Label:SM_Quarry_Outcrop_7 SpatiallyLoaded:1 Bounds:IsValid=true, Min=(X=1539.463 Y=-1805.413 Z=-60.537), Max=(X=2975.532 Y=-554.834 Z=223.869) RuntimeGrid:None EditorOnly:0 RuntimeOnly:0 HLODRelevant:1
 |   |   |- Guid:33976EB74F939B4874E96AB56529E440 BaseClass: NativeClass:/Script/Engine.StaticMeshActor Name:StaticMeshActor_UAID_2CF05DA9C1030B5501_1849699891 Label:SM_Quarry_Outcrop_4 SpatiallyLoaded:1 Bounds:IsValid=true, Min=(X=3054.003 Y=1162.404 Z=-60.537), Max=(X=4142.272 Y=2502.420 Z=223.869) RuntimeGrid:None EditorOnly:0 RuntimeOnly:0 HLODRelevant:1
 |   |   |- Guid:38266BC54AB91C7B44CFB293B49FBC92 BaseClass: NativeClass:/Script/Engine.StaticMeshActor Name:StaticMeshActor_UAID_2CF05DA9C1030B5501_1778511889 Label:SM_Quarry_Outcrop_3 SpatiallyLoaded:1 Bounds:IsValid=true, Min=(X=3415.303 Y=2413.119 Z=-66.684), Max=(X=4765.330 Y=4436.289 Z=164.566) RuntimeGrid:None EditorOnly:0 RuntimeOnly:0 HLODRelevant:1
 |   |   |- Guid:39F66F694920B0EB05874FA8F483E934 BaseClass: NativeClass:/Script/Engine.StaticMeshActor Name:StaticMeshActor_UAID_2CF05DA9C1030B5501_1881981893 Label:SM_Quarry_Outcrop_6 SpatiallyLoaded:1 Bounds:IsValid=true, Min=(X=2061.051 Y=-1269.385 Z=-66.684), Max=(X=3845.515 Y=653.899 Z=164.566) RuntimeGrid:None EditorOnly:0 RuntimeOnly:0 HLODRelevant:1
 |   |   |- Guid:3B530D7A4677F255903A598AB22201DC BaseClass: NativeClass:/Script/Engine.StaticMeshActor Name:StaticMeshActor_UAID_2CF05DA9C103095501_1835750509 Label:SM_Cube5 SpatiallyLoaded:1 Bounds:IsValid=true, Min=(X=-4480.000 Y=-1780.000 Z=-50.000), Max=(X=-1480.000 Y=1720.000 Z=-50.000) RuntimeGrid:None EditorOnly:0 RuntimeOnly:0 HLODRelevant:1 FolderPath:Playground FolderGuid:6C02BB504B69D1F3D7A624B130C18E5B
 |   |   |- Guid:416DB982430CC7915F3A99979EC2E37B BaseClass: NativeClass:/Script/Engine.StaticMeshActor Name:StaticMeshActor_UAID_2CF05DA9C103085501_2066179327 Label:SM_Cube2 SpatiallyLoaded:1 Bounds:IsValid=true, Min=(X=-1495.000 Y=1710.000 Z=-50.000), Max=(X=1505.000 Y=5210.000 Z=-50.000) RuntimeGrid:None EditorOnly:0 RuntimeOnly:0 HLODRelevant:1 FolderPath:Playground FolderGuid:6C02BB504B69D1F3D7A624B130C18E5B
 |   |   |- Guid:491C68994A4705D65469208D7D7E22DB BaseClass: NativeClass:/Script/Engine.StaticMeshActor Name:StaticMeshActor_UAID_2CF05DA9C103085501_2103270329 Label:SM_Cube4 SpatiallyLoaded:1 Bounds:IsValid=true, Min=(X=1520.000 Y=-1804.000 Z=-50.000), Max=(X=4520.000 Y=1696.000 Z=-50.000) RuntimeGrid:None EditorOnly:0 RuntimeOnly:0 HLODRelevant:1 FolderPath:Playground FolderGuid:6C02BB504B69D1F3D7A624B130C18E5B
 |   |   |- Guid:4CA6F8B94CF3AF078CF01A9BB7D80C9A BaseClass: NativeClass:/Script/Engine.StaticMeshActor Name:StaticMeshActor_UAID_2CF05DA9C1030A5501_1809881700 Label:SM_Quarry_Cliff_06 SpatiallyLoaded:1 Bounds:IsValid=true, Min=(X=1815.604 Y=-3309.724 Z=-263.194), Max=(X=4724.800 Y=1115.884 Z=3222.939) RuntimeGrid:None EditorOnly:0 RuntimeOnly:0 HLODRelevant:1
 |   |   |- Guid:5A403DC6405495EDFD2521BD70CA3CE9 BaseClass: NativeClass:/Script/Engine.StaticMeshActor Name:StaticMeshActor_UAID_2CF05DA9C1030B5501_1137342882 Label:SM_Quarry_Cliff_11 SpatiallyLoaded:1 Bounds:IsValid=true, Min=(X=-4088.179 Y=7791.543 Z=-88.281), Max=(X=1095.905 Y=9863.773 Z=2389.048) RuntimeGrid:None EditorOnly:0 RuntimeOnly:0 HLODRelevant:1
 |   |   |- Guid:5D3CA26A4F9238732B63DDAC28588A34 BaseClass: NativeClass:/Script/Engine.StaticMeshActor Name:StaticMeshActor_UAID_2CF05DA9C1030B5501_1866479892 Label:SM_Quarry_Outcrop_5 SpatiallyLoaded:1 Bounds:IsValid=true, Min=(X=2805.303 Y=-116.881 Z=-66.684), Max=(X=4155.330 Y=1906.289 Z=164.566) RuntimeGrid:None EditorOnly:0 RuntimeOnly:0 HLODRelevant:1
 |   |   |- Guid:5FE7584649BB6F09265329A6C57CFD0D BaseClass: NativeClass:/Script/Engine.VolumetricCloud Name:VolumetricCloud_0 Label:VolumetricCloud SpatiallyLoaded:0 Bounds:IsValid=true, Min=(X=0.000 Y=0.000 Z=820.000), Max=(X=0.000 Y=0.000 Z=820.000) RuntimeGrid:None EditorOnly:0 RuntimeOnly:0 HLODRelevant:0 FolderPath:Lighting FolderGuid:0BA5F0A04EADB18E70D5B180D08FA34B
 |   |   |- Guid:61391D344900612A77DFC3BA3E354907 BaseClass: NativeClass:/Script/Engine.ExponentialHeightFog Name:ExponentialHeightFog_0 Label:ExponentialHeightFog SpatiallyLoaded:0 Bounds:IsValid=true, Min=(X=-5600.000 Y=-50.000 Z=-6850.000), Max=(X=-5600.000 Y=-50.000 Z=-6850.000) RuntimeGrid:None EditorOnly:0 RuntimeOnly:0 HLODRelevant:0 FolderPath:Lighting FolderGuid:0BA5F0A04EADB18E70D5B180D08FA34B
 |   |   |- Guid:66513B424EC12E9F0E50BB8434EFDD20 BaseClass: NativeClass:/Script/Engine.StaticMeshActor Name:StaticMeshActor_UAID_2CF05DA9C103095501_1876001511 Label:SM_Cube7 SpatiallyLoaded:1 Bounds:IsValid=true, Min=(X=-1485.000 Y=5207.000 Z=-50.000), Max=(X=1515.000 Y=8707.000 Z=-50.000) RuntimeGrid:None EditorOnly:0 RuntimeOnly:0 HLODRelevant:1 FolderPath:Playground FolderGuid:6C02BB504B69D1F3D7A624B130C18E5B
 |   |   |- Guid:693A4F294683413514BA218EC5FBD2E6 BaseClass: NativeClass:/Script/Engine.StaticMeshActor Name:StaticMeshActor_UAID_2CF05DA9C103095501_1738044508 Label:SM_Quarry_Cliff_01 SpatiallyLoaded:1 Bounds:IsValid=true, Min=(X=-2647.229 Y=-2499.449 Z=-131.957), Max=(X=2610.113 Y=-745.688 Z=2470.003) RuntimeGrid:None EditorOnly:0 RuntimeOnly:0 HLODRelevant:1
 |   |   |- Guid:6F65806F43911C4A0DD8FC813C853BD0 BaseClass: NativeClass:/Script/Engine.StaticMeshActor Name:StaticMeshActor_UAID_2CF05DA9C1030A5501_1903159701 Label:SM_Quarry_Cliff_06_Cut SpatiallyLoaded:1 Bounds:IsValid=true, Min=(X=-1044.992 Y=-1517.544 Z=-83.510), Max=(X=-809.988 Y=-1446.659 Z=-3.208) RuntimeGrid:None EditorOnly:0 RuntimeOnly:0 HLODRelevant:1
 |   |   |- Guid:6FEFB3BD4EB37B849EF0D4AC80F83855 BaseClass: NativeClass:/Script/Engine.WorldDataLayers Name:WorldDataLayers Label:WorldDataLayers SpatiallyLoaded:0 Bounds:IsValid=true, Min=(X=0.000 Y=0.000 Z=0.000), Max=(X=0.000 Y=0.000 Z=0.000) RuntimeGrid:None EditorOnly:0 RuntimeOnly:0 HLODRelevant:0
 |   |   |- Guid:76E9AD76414535C8538B648B190A0B42 BaseClass: NativeClass:/Script/Engine.StaticMeshActor Name:StaticMeshActor_UAID_2CF05DA9C1030B5501_1656177887 Label:SM_Quarry_Outcrop_02 SpatiallyLoaded:1 Bounds:IsValid=true, Min=(X=3680.004 Y=5133.621 Z=-63.171), Max=(X=4522.855 Y=6697.726 Z=119.394) RuntimeGrid:None EditorOnly:0 RuntimeOnly:0 HLODRelevant:1
 |   |   |- Guid:78CAF7514C7533F30BD2F19A017AAB65 BaseClass: NativeClass:/Script/Engine.StaticMeshActor Name:StaticMeshActor_0 Label:SM_Cube SpatiallyLoaded:1 Bounds:IsValid=true, Min=(X=-1480.000 Y=-1790.000 Z=-50.000), Max=(X=1520.000 Y=1710.000 Z=-50.000) RuntimeGrid:None EditorOnly:0 RuntimeOnly:0 HLODRelevant:1 FolderPath:Playground FolderGuid:6C02BB504B69D1F3D7A624B130C18E5B
 |   |   |- Guid:8852AB0A403FD78BA6E0759724AC8D9D BaseClass: NativeClass:/Script/Engine.StaticMeshActor Name:StaticMeshActor_UAID_2CF05DA9C1030B5501_1544887885 Label:SM_Quarry_Cliff_Detail_01 SpatiallyLoaded:1 Bounds:IsValid=true, Min=(X=3505.205 Y=3835.440 Z=-112.091), Max=(X=4593.724 Y=5232.039 Z=1484.677) RuntimeGrid:None EditorOnly:0 RuntimeOnly:0 HLODRelevant:1
 |   |   |- Guid:9270165E446E25968E027BA433869013 BaseClass: NativeClass:/Script/Engine.StaticMeshActor Name:StaticMeshActor_UAID_2CF05DA9C1030A5501_1393720696 Label:SM_Quarry_Cliff_07 SpatiallyLoaded:1 Bounds:IsValid=true, Min=(X=-4540.475 Y=-2278.434 Z=-79.979), Max=(X=-1807.545 Y=269.332 Z=2079.701) RuntimeGrid:None EditorOnly:0 RuntimeOnly:0 HLODRelevant:1
 |   |   |- Guid:9AC0BCBB4401675BA0991CADBFD5BDE0 BaseClass: NativeClass:/Script/Engine.StaticMeshActor Name:StaticMeshActor_UAID_2CF05DA9C1030A5501_1688799699 Label:SM_Quarry_Cliff_05 SpatiallyLoaded:1 Bounds:IsValid=true, Min=(X=3196.811 Y=-676.148 Z=-162.961), Max=(X=4859.015 Y=6707.292 Z=2629.184) RuntimeGrid:None EditorOnly:0 RuntimeOnly:0 HLODRelevant:1
 |   |   |- Guid:A354B1B24E617A525DC6B48CCDE2417E BaseClass: NativeClass:/Script/Engine.PlayerStart Name:PlayerStart_0 Label:PlayerStart SpatiallyLoaded:0 Bounds:IsValid=true, Min=(X=-210.000 Y=3130.000 Z=0.013), Max=(X=-130.000 Y=3210.000 Z=184.013) RuntimeGrid:None EditorOnly:0 RuntimeOnly:0 HLODRelevant:0
 |   |   |- Guid:B56E8E4B4D1C50F7CD2135BB8470F199 BaseClass: NativeClass:/Script/Engine.StaticMeshActor Name:StaticMeshActor_UAID_2CF05DA9C1030B5501_1927089895 Label:SM_Quarry_Outcrop_8 SpatiallyLoaded:1 Bounds:IsValid=true, Min=(X=321.920 Y=-1445.617 Z=-66.684), Max=(X=2303.119 Y=-378.005 Z=164.566) RuntimeGrid:None EditorOnly:0 RuntimeOnly:0 HLODRelevant:1
 |   |   |- Guid:BE01DC624D52635287F0F5AB7F55F2E0 BaseClass: NativeClass:/Script/Engine.StaticMeshActor Name:StaticMeshActor_UAID_2CF05DA9C1030B5501_1993848897 Label:SM_Limestone_Rubble_01 SpatiallyLoaded:1 Bounds:IsValid=true, Min=(X=541.149 Y=-1540.410 Z=-32.716), Max=(X=1911.711 Y=-914.867 Z=72.839) RuntimeGrid:None EditorOnly:0 RuntimeOnly:0 HLODRelevant:1
 |   |   |- Guid:BFC8F71041733B8307CA62B5AD384DDC BaseClass: NativeClass:/Script/Engine.StaticMeshActor Name:StaticMeshActor_UAID_2CF05DA9C1030A5501_2042439703 Label:SM_Quarry_Cliff_09 SpatiallyLoaded:1 Bounds:IsValid=true, Min=(X=-4509.455 Y=7786.049 Z=-67.305), Max=(X=-3456.609 Y=8893.609 Z=2185.180) RuntimeGrid:None EditorOnly:0 RuntimeOnly:0 HLODRelevant:1
 |   |   |- Guid:C0C56B9644AE3D40CAFF6A878DB29844 BaseClass: NativeClass:/Script/Engine.StaticMeshActor Name:StaticMeshActor_UAID_A4AE111137DC5EFB00_2001720423 Label:SM_SkySphere SpatiallyLoaded:0 Bounds:IsValid=true, Min=(X=-1638400.000 Y=-1638400.000 Z=-1638400.000), Max=(X=1638400.000 Y=1638400.000 Z=1638400.000) RuntimeGrid:None EditorOnly:0 RuntimeOnly:0 HLODRelevant:1 FolderPath:Lighting FolderGuid:0BA5F0A04EADB18E70D5B180D08FA34B
 |   |   |- Guid:C22CE07C4B87D685137FDBBC10FC92C6 BaseClass: NativeClass:/Script/Engine.SkyAtmosphere Name:SkyAtmosphere_0 Label:SkyAtmosphere SpatiallyLoaded:0 Bounds:IsValid=true, Min=(X=0.000 Y=0.000 Z=1020.000), Max=(X=0.000 Y=0.000 Z=1020.000) RuntimeGrid:None EditorOnly:0 RuntimeOnly:0 HLODRelevant:0 FolderPath:Lighting FolderGuid:0BA5F0A04EADB18E70D5B180D08FA34B
 |   |   |- Guid:C9A208E44F3F0BD575515982C992E604 BaseClass: NativeClass:/Script/Engine.StaticMeshActor Name:StaticMeshActor_UAID_2CF05DA9C1030B5501_1451458884 Label:SM_Quarry_Cliff_7 SpatiallyLoaded:1 Bounds:IsValid=true, Min=(X=-4710.933 Y=7820.990 Z=-256.963), Max=(X=-1512.778 Y=10339.962 Z=2292.597) RuntimeGrid:None EditorOnly:0 RuntimeOnly:0 HLODRelevant:1
 |   |   |- Guid:CE8D82634660FCDB3120E2B8D547C533 BaseClass: NativeClass:/Script/Engine.PostProcessVolume Name:PostProcessVolume_0 Label:PostProcessVolume SpatiallyLoaded:0 Bounds:IsValid=true, Min=(X=0.000 Y=0.000 Z=400.000), Max=(X=200.000 Y=200.000 Z=600.000) RuntimeGrid:None EditorOnly:0 RuntimeOnly:0 HLODRelevant:0 FolderPath:Lighting FolderGuid:0BA5F0A04EADB18E70D5B180D08FA34B
 |   |   |- Guid:D8EA50C24BBC3222276B769445AAE9BE BaseClass: NativeClass:/Script/Engine.StaticMeshActor Name:StaticMeshActor_UAID_2CF05DA9C1030B5501_1719163888 Label:SM_Quarry_Outcrop_01 SpatiallyLoaded:1 Bounds:IsValid=true, Min=(X=3284.003 Y=4042.404 Z=-60.537), Max=(X=4372.272 Y=5382.420 Z=223.869) RuntimeGrid:None EditorOnly:0 RuntimeOnly:0 HLODRelevant:1
 |   |   |- Guid:D9AD29844BD8EA5F56EBEBA712CFDA6D BaseClass: NativeClass:/Script/Engine.StaticMeshActor Name:StaticMeshActor_UAID_2CF05DA9C1030B5501_1833190890 Label:SM_Quarry_Outcrop_2 SpatiallyLoaded:1 Bounds:IsValid=true, Min=(X=3044.003 Y=1802.404 Z=-60.537), Max=(X=4132.272 Y=3142.420 Z=223.869) RuntimeGrid:None EditorOnly:0 RuntimeOnly:0 HLODRelevant:1
 |   |   |- Guid:DCF837374AE2FD7905F04CAB1F11A684 BaseClass: NativeClass:/Script/Engine.StaticMeshActor Name:StaticMeshActor_UAID_2CF05DA9C103095501_1835751510 Label:SM_Cube6 SpatiallyLoaded:1 Bounds:IsValid=true, Min=(X=-4495.000 Y=1720.000 Z=-50.000), Max=(X=-1495.000 Y=5220.000 Z=-50.000) RuntimeGrid:None EditorOnly:0 RuntimeOnly:0 HLODRelevant:1 FolderPath:Playground FolderGuid:6C02BB504B69D1F3D7A624B130C18E5B
 |   |   |- Guid:E5320C1B4FD9764CE7B54D8487AEC613 BaseClass: NativeClass:/Script/Engine.SkyLight Name:SkyLight_0 Label:SkyLight SpatiallyLoaded:0 Bounds:IsValid=true, Min=(X=0.000 Y=0.000 Z=690.000), Max=(X=0.000 Y=0.000 Z=690.000) RuntimeGrid:None EditorOnly:0 RuntimeOnly:0 HLODRelevant:0 FolderPath:Lighting FolderGuid:0BA5F0A04EADB18E70D5B180D08FA34B
 |   |   |- Guid:EE66F4454A4A9F99393F559AB739C05E BaseClass:/Game/FirstPerson/Blueprints/BP_Pickup_Rifle.BP_Pickup_Rifle_C NativeClass:/Script/Engine.Actor Name:BP_Rifle_C_1 Label:BP_Pickup_Rifle SpatiallyLoaded:1 Bounds:IsValid=true, Min=(X=168.000 Y=3058.000 Z=64.000), Max=(X=232.000 Y=3147.440 Z=128.000) RuntimeGrid:None EditorOnly:0 RuntimeOnly:0 HLODRelevant:0
 |   |   |- Guid:F737912A4ED00F91340C4DA6280891B8 BaseClass: NativeClass:/Script/Engine.StaticMeshActor Name:StaticMeshActor_UAID_2CF05DA9C103095501_1876003512 Label:SM_Cube8 SpatiallyLoaded:1 Bounds:IsValid=true, Min=(X=1515.000 Y=5195.000 Z=-50.000), Max=(X=4515.000 Y=8695.000 Z=-50.000) RuntimeGrid:None EditorOnly:0 RuntimeOnly:0 HLODRelevant:1 FolderPath:Playground FolderGuid:6C02BB504B69D1F3D7A624B130C18E5B
 |   |   |- Guid:F80621C9446867154938FE81375207DA BaseClass: NativeClass:/Script/Engine.DirectionalLight Name:DirectionalLight_1 Label:DirectionalLight SpatiallyLoaded:0 Bounds:IsValid=true, Min=(X=-1048576.000 Y=-1048576.000 Z=-1048576.000), Max=(X=1048576.000 Y=1048576.000 Z=1048576.000) RuntimeGrid:None EditorOnly:0 RuntimeOnly:0 HLODRelevant:0 FolderPath:Lighting FolderGuid:0BA5F0A04EADB18E70D5B180D08FA34B
 |   |   |- Guid:FA12258840262133DE0CC083F2E0AC4E BaseClass: NativeClass:/Script/Engine.StaticMeshActor Name:StaticMeshActor_UAID_2CF05DA9C1030A5501_1595020698 Label:SM_Quarry_Cliff_03 SpatiallyLoaded:1 Bounds:IsValid=true, Min=(X=-3974.853 Y=-2702.314 Z=500.329), Max=(X=-1641.422 Y=-1670.490 Z=2469.335) RuntimeGrid:None EditorOnly:0 RuntimeOnly:0 HLODRelevant:1
 |   |- [+] Clusters:
 |   |   |- [+] [  0]
 |   |   |   |- Guid:61391D344900612A77DFC3BA3E354907 BaseClass: NativeClass:/Script/Engine.ExponentialHeightFog Name:ExponentialHeightFog_0 Label:ExponentialHeightFog SpatiallyLoaded:0 Bounds:IsValid=true, Min=(X=-5600.000 Y=-50.000 Z=-6850.000), Max=(X=-5600.000 Y=-50.000 Z=-6850.000) RuntimeGrid:None EditorOnly:0 RuntimeOnly:0 HLODRelevant:0 FolderPath:Lighting FolderGuid:0BA5F0A04EADB18E70D5B180D08FA34B
 |   |   |- [+] [  1]
 |   |   |   |- Guid:5FE7584649BB6F09265329A6C57CFD0D BaseClass: NativeClass:/Script/Engine.VolumetricCloud Name:VolumetricCloud_0 Label:VolumetricCloud SpatiallyLoaded:0 Bounds:IsValid=true, Min=(X=0.000 Y=0.000 Z=820.000), Max=(X=0.000 Y=0.000 Z=820.000) RuntimeGrid:None EditorOnly:0 RuntimeOnly:0 HLODRelevant:0 FolderPath:Lighting FolderGuid:0BA5F0A04EADB18E70D5B180D08FA34B
 |   |   |- [+] [  2]
 |   |   |   |- Guid:F80621C9446867154938FE81375207DA BaseClass: NativeClass:/Script/Engine.DirectionalLight Name:DirectionalLight_1 Label:DirectionalLight SpatiallyLoaded:0 Bounds:IsValid=true, Min=(X=-1048576.000 Y=-1048576.000 Z=-1048576.000), Max=(X=1048576.000 Y=1048576.000 Z=1048576.000) RuntimeGrid:None EditorOnly:0 RuntimeOnly:0 HLODRelevant:0 FolderPath:Lighting FolderGuid:0BA5F0A04EADB18E70D5B180D08FA34B
 |   |   |- [+] [  3]
 |   |   |   |- Guid:EE66F4454A4A9F99393F559AB739C05E BaseClass:/Game/FirstPerson/Blueprints/BP_Pickup_Rifle.BP_Pickup_Rifle_C NativeClass:/Script/Engine.Actor Name:BP_Rifle_C_1 Label:BP_Pickup_Rifle SpatiallyLoaded:1 Bounds:IsValid=true, Min=(X=168.000 Y=3058.000 Z=64.000), Max=(X=232.000 Y=3147.440 Z=128.000) RuntimeGrid:None EditorOnly:0 RuntimeOnly:0 HLODRelevant:0
 |   |   |- [+] [  4]
 |   |   |   |- Guid:E5320C1B4FD9764CE7B54D8487AEC613 BaseClass: NativeClass:/Script/Engine.SkyLight Name:SkyLight_0 Label:SkyLight SpatiallyLoaded:0 Bounds:IsValid=true, Min=(X=0.000 Y=0.000 Z=690.000), Max=(X=0.000 Y=0.000 Z=690.000) RuntimeGrid:None EditorOnly:0 RuntimeOnly:0 HLODRelevant:0 FolderPath:Lighting FolderGuid:0BA5F0A04EADB18E70D5B180D08FA34B
 |   |   |- [+] [  5]
 |   |   |   |- Guid:78CAF7514C7533F30BD2F19A017AAB65 BaseClass: NativeClass:/Script/Engine.StaticMeshActor Name:StaticMeshActor_0 Label:SM_Cube SpatiallyLoaded:1 Bounds:IsValid=true, Min=(X=-1480.000 Y=-1790.000 Z=-50.000), Max=(X=1520.000 Y=1710.000 Z=-50.000) RuntimeGrid:None EditorOnly:0 RuntimeOnly:0 HLODRelevant:1 FolderPath:Playground FolderGuid:6C02BB504B69D1F3D7A624B130C18E5B
 |   |   |- [+] [  6]
 |   |   |   |- Guid:A354B1B24E617A525DC6B48CCDE2417E BaseClass: NativeClass:/Script/Engine.PlayerStart Name:PlayerStart_0 Label:PlayerStart SpatiallyLoaded:0 Bounds:IsValid=true, Min=(X=-210.000 Y=3130.000 Z=0.013), Max=(X=-130.000 Y=3210.000 Z=184.013) RuntimeGrid:None EditorOnly:0 RuntimeOnly:0 HLODRelevant:0
 |   |   |- [+] [  7]
 |   |   |   |- Guid:C22CE07C4B87D685137FDBBC10FC92C6 BaseClass: NativeClass:/Script/Engine.SkyAtmosphere Name:SkyAtmosphere_0 Label:SkyAtmosphere SpatiallyLoaded:0 Bounds:IsValid=true, Min=(X=0.000 Y=0.000 Z=1020.000), Max=(X=0.000 Y=0.000 Z=1020.000) RuntimeGrid:None EditorOnly:0 RuntimeOnly:0 HLODRelevant:0 FolderPath:Lighting FolderGuid:0BA5F0A04EADB18E70D5B180D08FA34B
 |   |   |- [+] [  8]
 |   |   |   |- Guid:C0C56B9644AE3D40CAFF6A878DB29844 BaseClass: NativeClass:/Script/Engine.StaticMeshActor Name:StaticMeshActor_UAID_A4AE111137DC5EFB00_2001720423 Label:SM_SkySphere SpatiallyLoaded:0 Bounds:IsValid=true, Min=(X=-1638400.000 Y=-1638400.000 Z=-1638400.000), Max=(X=1638400.000 Y=1638400.000 Z=1638400.000) RuntimeGrid:None EditorOnly:0 RuntimeOnly:0 HLODRelevant:1 FolderPath:Lighting FolderGuid:0BA5F0A04EADB18E70D5B180D08FA34B
 |   |   |- [+] [  9]
 |   |   |   |- Guid:6FEFB3BD4EB37B849EF0D4AC80F83855 BaseClass: NativeClass:/Script/Engine.WorldDataLayers Name:WorldDataLayers Label:WorldDataLayers SpatiallyLoaded:0 Bounds:IsValid=true, Min=(X=0.000 Y=0.000 Z=0.000), Max=(X=0.000 Y=0.000 Z=0.000) RuntimeGrid:None EditorOnly:0 RuntimeOnly:0 HLODRelevant:0
 |   |   |- [+] [ 10]
 |   |   |   |- Guid:CE8D82634660FCDB3120E2B8D547C533 BaseClass: NativeClass:/Script/Engine.PostProcessVolume Name:PostProcessVolume_0 Label:PostProcessVolume SpatiallyLoaded:0 Bounds:IsValid=true, Min=(X=0.000 Y=0.000 Z=400.000), Max=(X=200.000 Y=200.000 Z=600.000) RuntimeGrid:None EditorOnly:0 RuntimeOnly:0 HLODRelevant:0 FolderPath:Lighting FolderGuid:0BA5F0A04EADB18E70D5B180D08FA34B
 |   |   |- [+] [ 11]
 |   |   |   |- Guid:416DB982430CC7915F3A99979EC2E37B BaseClass: NativeClass:/Script/Engine.StaticMeshActor Name:StaticMeshActor_UAID_2CF05DA9C103085501_2066179327 Label:SM_Cube2 SpatiallyLoaded:1 Bounds:IsValid=true, Min=(X=-1495.000 Y=1710.000 Z=-50.000), Max=(X=1505.000 Y=5210.000 Z=-50.000) RuntimeGrid:None EditorOnly:0 RuntimeOnly:0 HLODRelevant:1 FolderPath:Playground FolderGuid:6C02BB504B69D1F3D7A624B130C18E5B
 |   |   |- [+] [ 12]
 |   |   |   |- Guid:1E69515E489769B1FCD92DBC6C4C7E0F BaseClass: NativeClass:/Script/Engine.StaticMeshActor Name:StaticMeshActor_UAID_2CF05DA9C103085501_2098186328 Label:SM_Cube3 SpatiallyLoaded:1 Bounds:IsValid=true, Min=(X=1505.000 Y=1696.000 Z=-50.000), Max=(X=4505.000 Y=5196.000 Z=-50.000) RuntimeGrid:None EditorOnly:0 RuntimeOnly:0 HLODRelevant:1 FolderPath:Playground FolderGuid:6C02BB504B69D1F3D7A624B130C18E5B
 |   |   |- [+] [ 13]
 |   |   |   |- Guid:491C68994A4705D65469208D7D7E22DB BaseClass: NativeClass:/Script/Engine.StaticMeshActor Name:StaticMeshActor_UAID_2CF05DA9C103085501_2103270329 Label:SM_Cube4 SpatiallyLoaded:1 Bounds:IsValid=true, Min=(X=1520.000 Y=-1804.000 Z=-50.000), Max=(X=4520.000 Y=1696.000 Z=-50.000) RuntimeGrid:None EditorOnly:0 RuntimeOnly:0 HLODRelevant:1 FolderPath:Playground FolderGuid:6C02BB504B69D1F3D7A624B130C18E5B
 |   |   |- [+] [ 14]
 |   |   |   |- Guid:693A4F294683413514BA218EC5FBD2E6 BaseClass: NativeClass:/Script/Engine.StaticMeshActor Name:StaticMeshActor_UAID_2CF05DA9C103095501_1738044508 Label:SM_Quarry_Cliff_01 SpatiallyLoaded:1 Bounds:IsValid=true, Min=(X=-2647.229 Y=-2499.449 Z=-131.957), Max=(X=2610.113 Y=-745.688 Z=2470.003) RuntimeGrid:None EditorOnly:0 RuntimeOnly:0 HLODRelevant:1
 |   |   |- [+] [ 15]
 |   |   |   |- Guid:3B530D7A4677F255903A598AB22201DC BaseClass: NativeClass:/Script/Engine.StaticMeshActor Name:StaticMeshActor_UAID_2CF05DA9C103095501_1835750509 Label:SM_Cube5 SpatiallyLoaded:1 Bounds:IsValid=true, Min=(X=-4480.000 Y=-1780.000 Z=-50.000), Max=(X=-1480.000 Y=1720.000 Z=-50.000) RuntimeGrid:None EditorOnly:0 RuntimeOnly:0 HLODRelevant:1 FolderPath:Playground FolderGuid:6C02BB504B69D1F3D7A624B130C18E5B
 |   |   |- [+] [ 16]
 |   |   |   |- Guid:DCF837374AE2FD7905F04CAB1F11A684 BaseClass: NativeClass:/Script/Engine.StaticMeshActor Name:StaticMeshActor_UAID_2CF05DA9C103095501_1835751510 Label:SM_Cube6 SpatiallyLoaded:1 Bounds:IsValid=true, Min=(X=-4495.000 Y=1720.000 Z=-50.000), Max=(X=-1495.000 Y=5220.000 Z=-50.000) RuntimeGrid:None EditorOnly:0 RuntimeOnly:0 HLODRelevant:1 FolderPath:Playground FolderGuid:6C02BB504B69D1F3D7A624B130C18E5B
 |   |   |- [+] [ 17]
 |   |   |   |- Guid:66513B424EC12E9F0E50BB8434EFDD20 BaseClass: NativeClass:/Script/Engine.StaticMeshActor Name:StaticMeshActor_UAID_2CF05DA9C103095501_1876001511 Label:SM_Cube7 SpatiallyLoaded:1 Bounds:IsValid=true, Min=(X=-1485.000 Y=5207.000 Z=-50.000), Max=(X=1515.000 Y=8707.000 Z=-50.000) RuntimeGrid:None EditorOnly:0 RuntimeOnly:0 HLODRelevant:1 FolderPath:Playground FolderGuid:6C02BB504B69D1F3D7A624B130C18E5B
 |   |   |- [+] [ 18]
 |   |   |   |- Guid:F737912A4ED00F91340C4DA6280891B8 BaseClass: NativeClass:/Script/Engine.StaticMeshActor Name:StaticMeshActor_UAID_2CF05DA9C103095501_1876003512 Label:SM_Cube8 SpatiallyLoaded:1 Bounds:IsValid=true, Min=(X=1515.000 Y=5195.000 Z=-50.000), Max=(X=4515.000 Y=8695.000 Z=-50.000) RuntimeGrid:None EditorOnly:0 RuntimeOnly:0 HLODRelevant:1 FolderPath:Playground FolderGuid:6C02BB504B69D1F3D7A624B130C18E5B
 |   |   |- [+] [ 19]
 |   |   |   |- Guid:0E41C91F4F8011B1635B70B688B911FB BaseClass: NativeClass:/Script/Engine.StaticMeshActor Name:StaticMeshActor_UAID_2CF05DA9C103095501_1876004513 Label:SM_Cube9 SpatiallyLoaded:1 Bounds:IsValid=true, Min=(X=-4485.000 Y=5210.000 Z=-50.000), Max=(X=-1485.000 Y=8710.000 Z=-50.000) RuntimeGrid:None EditorOnly:0 RuntimeOnly:0 HLODRelevant:1 FolderPath:Playground FolderGuid:6C02BB504B69D1F3D7A624B130C18E5B
 |   |   |- [+] [ 20]
 |   |   |   |- Guid:27C4B90247D85C501E3A078AF6B0D458 BaseClass: NativeClass:/Script/Engine.StaticMeshActor Name:StaticMeshActor_UAID_2CF05DA9C1030A5501_1149984690 Label:SM_Quarry_Cliff_02 SpatiallyLoaded:1 Bounds:IsValid=true, Min=(X=665.119 Y=-2235.768 Z=91.500), Max=(X=3969.872 Y=-1072.227 Z=2712.530) RuntimeGrid:None EditorOnly:0 RuntimeOnly:0 HLODRelevant:1
 |   |   |- [+] [ 21]
 |   |   |   |- Guid:9270165E446E25968E027BA433869013 BaseClass: NativeClass:/Script/Engine.StaticMeshActor Name:StaticMeshActor_UAID_2CF05DA9C1030A5501_1393720696 Label:SM_Quarry_Cliff_07 SpatiallyLoaded:1 Bounds:IsValid=true, Min=(X=-4540.475 Y=-2278.434 Z=-79.979), Max=(X=-1807.545 Y=269.332 Z=2079.701) RuntimeGrid:None EditorOnly:0 RuntimeOnly:0 HLODRelevant:1
 |   |   |- [+] [ 22]
 |   |   |   |- Guid:FA12258840262133DE0CC083F2E0AC4E BaseClass: NativeClass:/Script/Engine.StaticMeshActor Name:StaticMeshActor_UAID_2CF05DA9C1030A5501_1595020698 Label:SM_Quarry_Cliff_03 SpatiallyLoaded:1 Bounds:IsValid=true, Min=(X=-3974.853 Y=-2702.314 Z=500.329), Max=(X=-1641.422 Y=-1670.490 Z=2469.335) RuntimeGrid:None EditorOnly:0 RuntimeOnly:0 HLODRelevant:1
 |   |   |- [+] [ 23]
 |   |   |   |- Guid:9AC0BCBB4401675BA0991CADBFD5BDE0 BaseClass: NativeClass:/Script/Engine.StaticMeshActor Name:StaticMeshActor_UAID_2CF05DA9C1030A5501_1688799699 Label:SM_Quarry_Cliff_05 SpatiallyLoaded:1 Bounds:IsValid=true, Min=(X=3196.811 Y=-676.148 Z=-162.961), Max=(X=4859.015 Y=6707.292 Z=2629.184) RuntimeGrid:None EditorOnly:0 RuntimeOnly:0 HLODRelevant:1
 |   |   |- [+] [ 24]
 |   |   |   |- Guid:4CA6F8B94CF3AF078CF01A9BB7D80C9A BaseClass: NativeClass:/Script/Engine.StaticMeshActor Name:StaticMeshActor_UAID_2CF05DA9C1030A5501_1809881700 Label:SM_Quarry_Cliff_06 SpatiallyLoaded:1 Bounds:IsValid=true, Min=(X=1815.604 Y=-3309.724 Z=-263.194), Max=(X=4724.800 Y=1115.884 Z=3222.939) RuntimeGrid:None EditorOnly:0 RuntimeOnly:0 HLODRelevant:1
 |   |   |- [+] [ 25]
 |   |   |   |- Guid:6F65806F43911C4A0DD8FC813C853BD0 BaseClass: NativeClass:/Script/Engine.StaticMeshActor Name:StaticMeshActor_UAID_2CF05DA9C1030A5501_1903159701 Label:SM_Quarry_Cliff_06_Cut SpatiallyLoaded:1 Bounds:IsValid=true, Min=(X=-1044.992 Y=-1517.544 Z=-83.510), Max=(X=-809.988 Y=-1446.659 Z=-3.208) RuntimeGrid:None EditorOnly:0 RuntimeOnly:0 HLODRelevant:1
 |   |   |- [+] [ 26]
 |   |   |   |- Guid:08708ECA4A897055FEDE5EA8D6EA5128 BaseClass: NativeClass:/Script/Engine.StaticMeshActor Name:StaticMeshActor_UAID_2CF05DA9C1030A5501_1949201702 Label:SM_Quarry_Cliff_08 SpatiallyLoaded:1 Bounds:IsValid=true, Min=(X=3946.233 Y=5287.900 Z=-77.896), Max=(X=4514.945 Y=6618.778 Z=1243.900) RuntimeGrid:None EditorOnly:0 RuntimeOnly:0 HLODRelevant:1
 |   |   |- [+] [ 27]
 |   |   |   |- Guid:BFC8F71041733B8307CA62B5AD384DDC BaseClass: NativeClass:/Script/Engine.StaticMeshActor Name:StaticMeshActor_UAID_2CF05DA9C1030A5501_2042439703 Label:SM_Quarry_Cliff_09 SpatiallyLoaded:1 Bounds:IsValid=true, Min=(X=-4509.455 Y=7786.049 Z=-67.305), Max=(X=-3456.609 Y=8893.609 Z=2185.180) RuntimeGrid:None EditorOnly:0 RuntimeOnly:0 HLODRelevant:1
 |   |   |- [+] [ 28]
 |   |   |   |- Guid:5A403DC6405495EDFD2521BD70CA3CE9 BaseClass: NativeClass:/Script/Engine.StaticMeshActor Name:StaticMeshActor_UAID_2CF05DA9C1030B5501_1137342882 Label:SM_Quarry_Cliff_11 SpatiallyLoaded:1 Bounds:IsValid=true, Min=(X=-4088.179 Y=7791.543 Z=-88.281), Max=(X=1095.905 Y=9863.773 Z=2389.048) RuntimeGrid:None EditorOnly:0 RuntimeOnly:0 HLODRelevant:1
 |   |   |- [+] [ 29]
 |   |   |   |- Guid:C9A208E44F3F0BD575515982C992E604 BaseClass: NativeClass:/Script/Engine.StaticMeshActor Name:StaticMeshActor_UAID_2CF05DA9C1030B5501_1451458884 Label:SM_Quarry_Cliff_7 SpatiallyLoaded:1 Bounds:IsValid=true, Min=(X=-4710.933 Y=7820.990 Z=-256.963), Max=(X=-1512.778 Y=10339.962 Z=2292.597) RuntimeGrid:None EditorOnly:0 RuntimeOnly:0 HLODRelevant:1
 |   |   |- [+] [ 30]
 |   |   |   |- Guid:8852AB0A403FD78BA6E0759724AC8D9D BaseClass: NativeClass:/Script/Engine.StaticMeshActor Name:StaticMeshActor_UAID_2CF05DA9C1030B5501_1544887885 Label:SM_Quarry_Cliff_Detail_01 SpatiallyLoaded:1 Bounds:IsValid=true, Min=(X=3505.205 Y=3835.440 Z=-112.091), Max=(X=4593.724 Y=5232.039 Z=1484.677) RuntimeGrid:None EditorOnly:0 RuntimeOnly:0 HLODRelevant:1
 |   |   |- [+] [ 31]
 |   |   |   |- Guid:76E9AD76414535C8538B648B190A0B42 BaseClass: NativeClass:/Script/Engine.StaticMeshActor Name:StaticMeshActor_UAID_2CF05DA9C1030B5501_1656177887 Label:SM_Quarry_Outcrop_02 SpatiallyLoaded:1 Bounds:IsValid=true, Min=(X=3680.004 Y=5133.621 Z=-63.171), Max=(X=4522.855 Y=6697.726 Z=119.394) RuntimeGrid:None EditorOnly:0 RuntimeOnly:0 HLODRelevant:1
 |   |   |- [+] [ 32]
 |   |   |   |- Guid:D8EA50C24BBC3222276B769445AAE9BE BaseClass: NativeClass:/Script/Engine.StaticMeshActor Name:StaticMeshActor_UAID_2CF05DA9C1030B5501_1719163888 Label:SM_Quarry_Outcrop_01 SpatiallyLoaded:1 Bounds:IsValid=true, Min=(X=3284.003 Y=4042.404 Z=-60.537), Max=(X=4372.272 Y=5382.420 Z=223.869) RuntimeGrid:None EditorOnly:0 RuntimeOnly:0 HLODRelevant:1
 |   |   |- [+] [ 33]
 |   |   |   |- Guid:38266BC54AB91C7B44CFB293B49FBC92 BaseClass: NativeClass:/Script/Engine.StaticMeshActor Name:StaticMeshActor_UAID_2CF05DA9C1030B5501_1778511889 Label:SM_Quarry_Outcrop_3 SpatiallyLoaded:1 Bounds:IsValid=true, Min=(X=3415.303 Y=2413.119 Z=-66.684), Max=(X=4765.330 Y=4436.289 Z=164.566) RuntimeGrid:None EditorOnly:0 RuntimeOnly:0 HLODRelevant:1
 |   |   |- [+] [ 34]
 |   |   |   |- Guid:D9AD29844BD8EA5F56EBEBA712CFDA6D BaseClass: NativeClass:/Script/Engine.StaticMeshActor Name:StaticMeshActor_UAID_2CF05DA9C1030B5501_1833190890 Label:SM_Quarry_Outcrop_2 SpatiallyLoaded:1 Bounds:IsValid=true, Min=(X=3044.003 Y=1802.404 Z=-60.537), Max=(X=4132.272 Y=3142.420 Z=223.869) RuntimeGrid:None EditorOnly:0 RuntimeOnly:0 HLODRelevant:1
 |   |   |- [+] [ 35]
 |   |   |   |- Guid:33976EB74F939B4874E96AB56529E440 BaseClass: NativeClass:/Script/Engine.StaticMeshActor Name:StaticMeshActor_UAID_2CF05DA9C1030B5501_1849699891 Label:SM_Quarry_Outcrop_4 SpatiallyLoaded:1 Bounds:IsValid=true, Min=(X=3054.003 Y=1162.404 Z=-60.537), Max=(X=4142.272 Y=2502.420 Z=223.869) RuntimeGrid:None EditorOnly:0 RuntimeOnly:0 HLODRelevant:1
 |   |   |- [+] [ 36]
 |   |   |   |- Guid:5D3CA26A4F9238732B63DDAC28588A34 BaseClass: NativeClass:/Script/Engine.StaticMeshActor Name:StaticMeshActor_UAID_2CF05DA9C1030B5501_1866479892 Label:SM_Quarry_Outcrop_5 SpatiallyLoaded:1 Bounds:IsValid=true, Min=(X=2805.303 Y=-116.881 Z=-66.684), Max=(X=4155.330 Y=1906.289 Z=164.566) RuntimeGrid:None EditorOnly:0 RuntimeOnly:0 HLODRelevant:1
 |   |   |- [+] [ 37]
 |   |   |   |- Guid:39F66F694920B0EB05874FA8F483E934 BaseClass: NativeClass:/Script/Engine.StaticMeshActor Name:StaticMeshActor_UAID_2CF05DA9C1030B5501_1881981893 Label:SM_Quarry_Outcrop_6 SpatiallyLoaded:1 Bounds:IsValid=true, Min=(X=2061.051 Y=-1269.385 Z=-66.684), Max=(X=3845.515 Y=653.899 Z=164.566) RuntimeGrid:None EditorOnly:0 RuntimeOnly:0 HLODRelevant:1
 |   |   |- [+] [ 38]
 |   |   |   |- Guid:2BA5E54C4AC1DBEBF77F7A944A53F7A4 BaseClass: NativeClass:/Script/Engine.StaticMeshActor Name:StaticMeshActor_UAID_2CF05DA9C1030B5501_1903513894 Label:SM_Quarry_Outcrop_7 SpatiallyLoaded:1 Bounds:IsValid=true, Min=(X=1539.463 Y=-1805.413 Z=-60.537), Max=(X=2975.532 Y=-554.834 Z=223.869) RuntimeGrid:None EditorOnly:0 RuntimeOnly:0 HLODRelevant:1
 |   |   |- [+] [ 39]
 |   |   |   |- Guid:B56E8E4B4D1C50F7CD2135BB8470F199 BaseClass: NativeClass:/Script/Engine.StaticMeshActor Name:StaticMeshActor_UAID_2CF05DA9C1030B5501_1927089895 Label:SM_Quarry_Outcrop_8 SpatiallyLoaded:1 Bounds:IsValid=true, Min=(X=321.920 Y=-1445.617 Z=-66.684), Max=(X=2303.119 Y=-378.005 Z=164.566) RuntimeGrid:None EditorOnly:0 RuntimeOnly:0 HLODRelevant:1
 |   |   |- [+] [ 40]
 |   |   |   |- Guid:BE01DC624D52635287F0F5AB7F55F2E0 BaseClass: NativeClass:/Script/Engine.StaticMeshActor Name:StaticMeshActor_UAID_2CF05DA9C1030B5501_1993848897 Label:SM_Limestone_Rubble_01 SpatiallyLoaded:1 Bounds:IsValid=true, Min=(X=541.149 Y=-1540.410 Z=-32.716), Max=(X=1911.711 Y=-914.867 Z=72.839) RuntimeGrid:None EditorOnly:0 RuntimeOnly:0 HLODRelevant:1
 |- ContainerInstances:
 |- [+] MainContainer:
 |   |-        ID: 0x0000000000000000
 |   |-    Bounds: IsValid=false, Min=(X=0.000 Y=0.000 Z=0.000), Max=(X=0.000 Y=0.000 Z=0.000)
 |   |- Transform: 0.000000,0.000000,0.000000|0.000000,0.000000,-0.000000|1.000000,1.000000,1.000000
 |   |- Container: /Game/FirstPerson/Maps/FirstPersonMap
----------------------------------------------------------------------------------------------------------------
FirstPersonMap - Persistent Level
----------------------------------------------------------------------------------------------------------------
Always loaded Actor Count: 59 

----------------------------------------------------------------------------------------------------------------
FirstPersonMap - Runtime Spatial Hash - Streaming Grid - MainGrid
----------------------------------------------------------------------------------------------------------------
            Origin: X=0.000 Y=0.000 Z=0.000
         Cell Size: 12800
      World Bounds: IsValid=false, Min=(X=0.000 Y=0.000 Z=0.000), Max=(X=0.000 Y=0.000 Z=0.000)
     Loading Range: 25600.00
Block Slow Loading: No
 ClientOnlyVisible: No

[+] Grid Levels: 1
 |- Level  0: Cell Count    0 | Cell Size   12800 | Actor Count    0 (0.0%)

[+] Content of Grid Level 0

